IOR-3.0.1: MPI Coordinated Test of Parallel I/O

ior WARNING: hints not available in POSIX.  Using value of 0.
Began: Sun May  7 07:40:34 2017
Command line used: /home/glock/bin/ior -H -k -r -o /scratch/glock/tmp.bin -f /home/glock/experiments/ior_metadata/openclose.ior
Machine: Linux nid09072

Test 0 started: Sun May  7 07:40:34 2017
Summary:
	api                = POSIX
	test filename      = /scratch/glock/tmp.bin
	access             = single-shared-file
	ordering in a file = sequential offsets
	ordering inter file= no tasks offsets
	clients            = 8192 (64 per node)
	repetitions        = 16
	repetitionsPerFile = 1
	repetitionsPerFileRW = 0
	xfersize           = 4096 bytes
	blocksize          = 4096 bytes
	aggregate filesize = 0 bytes

access    bw(MiB/s)  block(KiB) xfer(KiB)  open(s)    wr/rd(s)   close(s)   total(s)   iter
------    ---------  ---------- ---------  --------   --------   --------   --------   ----
WARNING: Expected aggregate file size       = 0.
WARNING: Stat() of aggregate file size      = 67108864.
WARNING: Using actual aggregate bytes moved = 0.
read      0.000000   4.00       4.00       0.260837   0.040550   0.046861   0.280885   0   
WARNING: Expected aggregate file size       = 0.
WARNING: Stat() of aggregate file size      = 67108864.
WARNING: Using actual aggregate bytes moved = 0.
read      0.000000   4.00       4.00       0.277213   0.041718   0.037163   0.295054   1   
WARNING: Expected aggregate file size       = 0.
WARNING: Stat() of aggregate file size      = 67108864.
WARNING: Using actual aggregate bytes moved = 0.
read      0.000000   4.00       4.00       0.259411   0.035476   0.037190   0.264308   2   
WARNING: Expected aggregate file size       = 0.
WARNING: Stat() of aggregate file size      = 67108864.
WARNING: Using actual aggregate bytes moved = 0.
read      0.000000   4.00       4.00       0.254814   0.041897   0.037132   0.266745   3   
WARNING: Expected aggregate file size       = 0.
WARNING: Stat() of aggregate file size      = 67108864.
WARNING: Using actual aggregate bytes moved = 0.
read      0.000000   4.00       4.00       0.268403   0.036461   0.037206   0.276575   4   
WARNING: Expected aggregate file size       = 0.
WARNING: Stat() of aggregate file size      = 67108864.
WARNING: Using actual aggregate bytes moved = 0.
read      0.000000   4.00       4.00       0.261809   0.035481   0.037378   0.274669   5   
WARNING: Expected aggregate file size       = 0.
WARNING: Stat() of aggregate file size      = 67108864.
WARNING: Using actual aggregate bytes moved = 0.
read      0.000000   4.00       4.00       0.349690   0.039392   0.045508   0.365384   6   
WARNING: Expected aggregate file size       = 0.
WARNING: Stat() of aggregate file size      = 67108864.
WARNING: Using actual aggregate bytes moved = 0.
read      0.000000   4.00       4.00       0.256918   0.035534   0.037222   0.259219   7   
WARNING: Expected aggregate file size       = 0.
WARNING: Stat() of aggregate file size      = 67108864.
WARNING: Using actual aggregate bytes moved = 0.
read      0.000000   4.00       4.00       0.259376   0.035521   0.037129   0.268368   8   
WARNING: Expected aggregate file size       = 0.
WARNING: Stat() of aggregate file size      = 67108864.
WARNING: Using actual aggregate bytes moved = 0.
read      0.000000   4.00       4.00       0.390717   0.035485   0.095441   0.456378   9   
WARNING: Expected aggregate file size       = 0.
WARNING: Stat() of aggregate file size      = 67108864.
WARNING: Using actual aggregate bytes moved = 0.
read      0.000000   4.00       4.00       0.366962   0.035585   0.037215   0.372782   10  
WARNING: Expected aggregate file size       = 0.
WARNING: Stat() of aggregate file size      = 67108864.
WARNING: Using actual aggregate bytes moved = 0.
read      0.000000   4.00       4.00       0.395480   0.032098   0.040877   0.407074   11  
WARNING: Expected aggregate file size       = 0.
WARNING: Stat() of aggregate file size      = 67108864.
WARNING: Using actual aggregate bytes moved = 0.
read      0.000000   4.00       4.00       0.263583   0.035750   0.037156   0.273026   12  
WARNING: Expected aggregate file size       = 0.
WARNING: Stat() of aggregate file size      = 67108864.
WARNING: Using actual aggregate bytes moved = 0.
read      0.000000   4.00       4.00       0.262616   0.039171   0.037221   0.269769   13  
WARNING: Expected aggregate file size       = 0.
WARNING: Stat() of aggregate file size      = 67108864.
WARNING: Using actual aggregate bytes moved = 0.
read      0.000000   4.00       4.00       0.258971   0.036101   0.037188   0.264510   14  
WARNING: Expected aggregate file size       = 0.
WARNING: Stat() of aggregate file size      = 67108864.
WARNING: Using actual aggregate bytes moved = 0.
read      0.000000   4.00       4.00       0.275502   0.035530   0.037122   0.297182   15  

Max Read:  0.00 MiB/sec (0.00 MB/sec)

Summary of all tests:
Operation   Max(MiB)   Min(MiB)  Mean(MiB)     StdDev    Mean(s) Test# #Tasks tPN reps fPP reord reordoff reordrand seed segcnt blksiz xsize aggsize API RefNum repPF repPFrw
read            0.00       0.00       0.00       0.00    0.30575 0 8192 64 16 0 0 1 0 0 0 4096 4096 0 POSIX 0 1 0

Finished: Sun May  7 07:40:38 2017
