IOR-3.0.1: MPI Coordinated Test of Parallel I/O

ior WARNING: hints not available in POSIX.  Using value of 0.
Began: Sun May  7 11:49:13 2017
Command line used: /home/glock/bin/ior -H -k -r -o /scratch/glock/tmp.bin -f /home/glock/experiments/ior_metadata/openclose.ior
Machine: Linux nid03336

Test 0 started: Sun May  7 11:49:13 2017
Summary:
	api                = POSIX
	test filename      = /scratch/glock/tmp.bin
	access             = single-shared-file
	ordering in a file = sequential offsets
	ordering inter file= no tasks offsets
	clients            = 14336 (64 per node)
	repetitions        = 16
	repetitionsPerFile = 1
	repetitionsPerFileRW = 0
	xfersize           = 4096 bytes
	blocksize          = 4096 bytes
	aggregate filesize = 0 bytes

access    bw(MiB/s)  block(KiB) xfer(KiB)  open(s)    wr/rd(s)   close(s)   total(s)   iter
------    ---------  ---------- ---------  --------   --------   --------   --------   ----
WARNING: Expected aggregate file size       = 0.
WARNING: Stat() of aggregate file size      = 67108864.
WARNING: Using actual aggregate bytes moved = 0.
read      0.000000   4.00       4.00       0.738898   0.020938   0.032721   0.756077   0   
WARNING: Expected aggregate file size       = 0.
WARNING: Stat() of aggregate file size      = 67108864.
WARNING: Using actual aggregate bytes moved = 0.
read      0.000000   4.00       4.00       0.780560   0.020092   0.021797   0.791351   1   
WARNING: Expected aggregate file size       = 0.
WARNING: Stat() of aggregate file size      = 67108864.
WARNING: Using actual aggregate bytes moved = 0.
read      0.000000   4.00       4.00       0.670110   0.020106   0.022127   0.676716   2   
WARNING: Expected aggregate file size       = 0.
WARNING: Stat() of aggregate file size      = 67108864.
WARNING: Using actual aggregate bytes moved = 0.
read      0.000000   4.00       4.00       0.893019   0.025705   0.021687   0.905159   3   
WARNING: Expected aggregate file size       = 0.
WARNING: Stat() of aggregate file size      = 67108864.
WARNING: Using actual aggregate bytes moved = 0.
read      0.000000   4.00       4.00       0.891954   0.020064   0.024211   0.904513   4   
WARNING: Expected aggregate file size       = 0.
WARNING: Stat() of aggregate file size      = 67108864.
WARNING: Using actual aggregate bytes moved = 0.
read      0.000000   4.00       4.00       0.859030   0.020090   0.022154   0.863811   5   
WARNING: Expected aggregate file size       = 0.
WARNING: Stat() of aggregate file size      = 67108864.
WARNING: Using actual aggregate bytes moved = 0.
read      0.000000   4.00       4.00       0.768064   0.030637   0.075755   0.838347   6   
WARNING: Expected aggregate file size       = 0.
WARNING: Stat() of aggregate file size      = 67108864.
WARNING: Using actual aggregate bytes moved = 0.
read      0.000000   4.00       4.00       0.702932   0.020609   0.022321   0.716160   7   
WARNING: Expected aggregate file size       = 0.
WARNING: Stat() of aggregate file size      = 67108864.
WARNING: Using actual aggregate bytes moved = 0.
read      0.000000   4.00       4.00       0.744473   0.020098   0.022159   0.749725   8   
WARNING: Expected aggregate file size       = 0.
WARNING: Stat() of aggregate file size      = 67108864.
WARNING: Using actual aggregate bytes moved = 0.
read      0.000000   4.00       4.00       0.733089   0.037563   0.021935   0.756444   9   
WARNING: Expected aggregate file size       = 0.
WARNING: Stat() of aggregate file size      = 67108864.
WARNING: Using actual aggregate bytes moved = 0.
read      0.000000   4.00       4.00       0.695389   0.023326   0.030771   0.723093   10  
WARNING: Expected aggregate file size       = 0.
WARNING: Stat() of aggregate file size      = 67108864.
WARNING: Using actual aggregate bytes moved = 0.
read      0.000000   4.00       4.00       0.730820   0.020091   0.021939   0.734878   11  
WARNING: Expected aggregate file size       = 0.
WARNING: Stat() of aggregate file size      = 67108864.
WARNING: Using actual aggregate bytes moved = 0.
read      0.000000   4.00       4.00       0.776700   0.020026   0.021401   0.786544   12  
WARNING: Expected aggregate file size       = 0.
WARNING: Stat() of aggregate file size      = 67108864.
WARNING: Using actual aggregate bytes moved = 0.
read      0.000000   4.00       4.00       0.754746   0.020020   0.021551   0.763201   13  
WARNING: Expected aggregate file size       = 0.
WARNING: Stat() of aggregate file size      = 67108864.
WARNING: Using actual aggregate bytes moved = 0.
read      0.000000   4.00       4.00       0.698903   0.025682   0.021833   0.715727   14  
WARNING: Expected aggregate file size       = 0.
WARNING: Stat() of aggregate file size      = 67108864.
WARNING: Using actual aggregate bytes moved = 0.
read      0.000000   4.00       4.00       1.11       0.020004   0.022262   1.12       15  

Max Read:  0.00 MiB/sec (0.00 MB/sec)

Summary of all tests:
Operation   Max(MiB)   Min(MiB)  Mean(MiB)     StdDev    Mean(s) Test# #Tasks tPN reps fPP reord reordoff reordrand seed segcnt blksiz xsize aggsize API RefNum repPF repPFrw
read            0.00       0.00       0.00       0.00    0.80032 0 14336 64 16 0 0 1 0 0 0 4096 4096 0 POSIX 0 1 0

Finished: Sun May  7 11:49:26 2017
