IOR-3.0.1: MPI Coordinated Test of Parallel I/O

ior WARNING: hints not available in POSIX.  Using value of 0.
Began: Sun May  7 07:41:20 2017
Command line used: /home/glock/bin/ior -H -k -r -o /scratch/glock/tmp.bin -f /home/glock/experiments/ior_metadata/openclose.ior
Machine: Linux nid09072

Test 0 started: Sun May  7 07:41:20 2017
Summary:
	api                = POSIX
	test filename      = /scratch/glock/tmp.bin
	access             = single-shared-file
	ordering in a file = sequential offsets
	ordering inter file= no tasks offsets
	clients            = 256 (64 per node)
	repetitions        = 16
	repetitionsPerFile = 1
	repetitionsPerFileRW = 0
	xfersize           = 4096 bytes
	blocksize          = 4096 bytes
	aggregate filesize = 0 bytes

access    bw(MiB/s)  block(KiB) xfer(KiB)  open(s)    wr/rd(s)   close(s)   total(s)   iter
------    ---------  ---------- ---------  --------   --------   --------   --------   ----
WARNING: Expected aggregate file size       = 0.
WARNING: Stat() of aggregate file size      = 67108864.
WARNING: Using actual aggregate bytes moved = 0.
read      0.000000   4.00       4.00       0.065925   0.001309   0.003397   0.070431   0   
WARNING: Expected aggregate file size       = 0.
WARNING: Stat() of aggregate file size      = 67108864.
WARNING: Using actual aggregate bytes moved = 0.
read      0.000000   4.00       4.00       0.064573   0.000176   0.002103   0.066839   1   
WARNING: Expected aggregate file size       = 0.
WARNING: Stat() of aggregate file size      = 67108864.
WARNING: Using actual aggregate bytes moved = 0.
read      0.000000   4.00       4.00       0.063098   0.000180   0.002088   0.065173   2   
WARNING: Expected aggregate file size       = 0.
WARNING: Stat() of aggregate file size      = 67108864.
WARNING: Using actual aggregate bytes moved = 0.
read      0.000000   4.00       4.00       0.062899   0.000166   0.002023   0.064871   3   
WARNING: Expected aggregate file size       = 0.
WARNING: Stat() of aggregate file size      = 67108864.
WARNING: Using actual aggregate bytes moved = 0.
read      0.000000   4.00       4.00       0.062078   0.000169   0.001719   0.063749   4   
WARNING: Expected aggregate file size       = 0.
WARNING: Stat() of aggregate file size      = 67108864.
WARNING: Using actual aggregate bytes moved = 0.
read      0.000000   4.00       4.00       0.064313   0.000165   0.002054   0.066355   5   
WARNING: Expected aggregate file size       = 0.
WARNING: Stat() of aggregate file size      = 67108864.
WARNING: Using actual aggregate bytes moved = 0.
read      0.000000   4.00       4.00       0.061637   0.000175   0.001678   0.063253   6   
WARNING: Expected aggregate file size       = 0.
WARNING: Stat() of aggregate file size      = 67108864.
WARNING: Using actual aggregate bytes moved = 0.
read      0.000000   4.00       4.00       0.062747   0.000159   0.001925   0.064682   7   
WARNING: Expected aggregate file size       = 0.
WARNING: Stat() of aggregate file size      = 67108864.
WARNING: Using actual aggregate bytes moved = 0.
read      0.000000   4.00       4.00       0.065041   0.000174   0.001763   0.066806   8   
WARNING: Expected aggregate file size       = 0.
WARNING: Stat() of aggregate file size      = 67108864.
WARNING: Using actual aggregate bytes moved = 0.
read      0.000000   4.00       4.00       0.062833   0.000170   0.001817   0.064641   9   
WARNING: Expected aggregate file size       = 0.
WARNING: Stat() of aggregate file size      = 67108864.
WARNING: Using actual aggregate bytes moved = 0.
read      0.000000   4.00       4.00       0.066346   0.000196   0.001852   0.068170   10  
WARNING: Expected aggregate file size       = 0.
WARNING: Stat() of aggregate file size      = 67108864.
WARNING: Using actual aggregate bytes moved = 0.
read      0.000000   4.00       4.00       0.062099   0.000177   0.002056   0.064106   11  
WARNING: Expected aggregate file size       = 0.
WARNING: Stat() of aggregate file size      = 67108864.
WARNING: Using actual aggregate bytes moved = 0.
read      0.000000   4.00       4.00       0.078863   0.000186   0.015099   0.093942   12  
WARNING: Expected aggregate file size       = 0.
WARNING: Stat() of aggregate file size      = 67108864.
WARNING: Using actual aggregate bytes moved = 0.
read      0.000000   4.00       4.00       0.059966   0.000174   0.002060   0.061963   13  
WARNING: Expected aggregate file size       = 0.
WARNING: Stat() of aggregate file size      = 67108864.
WARNING: Using actual aggregate bytes moved = 0.
read      0.000000   4.00       4.00       0.061703   0.000182   0.001606   0.063256   14  
WARNING: Expected aggregate file size       = 0.
WARNING: Stat() of aggregate file size      = 67108864.
WARNING: Using actual aggregate bytes moved = 0.
read      0.000000   4.00       4.00       0.062148   0.000178   0.001623   0.063729   15  

Max Read:  0.00 MiB/sec (0.00 MB/sec)

Summary of all tests:
Operation   Max(MiB)   Min(MiB)  Mean(MiB)     StdDev    Mean(s) Test# #Tasks tPN reps fPP reord reordoff reordrand seed segcnt blksiz xsize aggsize API RefNum repPF repPFrw
read            0.00       0.00       0.00       0.00    0.06700 0 256 64 16 0 0 1 0 0 0 4096 4096 0 POSIX 0 1 0

Finished: Sun May  7 07:41:22 2017
