IOR-3.0.1: MPI Coordinated Test of Parallel I/O

ior WARNING: hints not available in POSIX.  Using value of 0.
Began: Sun May  7 11:55:17 2017
Command line used: /home/glock/bin/ior -H -k -r -o /scratch/glock/tmp.bin -f /home/glock/experiments/ior_metadata/openclose.ior
Machine: Linux nid03336

Test 0 started: Sun May  7 11:55:17 2017
Summary:
	api                = POSIX
	test filename      = /scratch/glock/tmp.bin
	access             = single-shared-file
	ordering in a file = sequential offsets
	ordering inter file= no tasks offsets
	clients            = 30720 (64 per node)
	repetitions        = 16
	repetitionsPerFile = 1
	repetitionsPerFileRW = 0
	xfersize           = 4096 bytes
	blocksize          = 4096 bytes
	aggregate filesize = 0 bytes

access    bw(MiB/s)  block(KiB) xfer(KiB)  open(s)    wr/rd(s)   close(s)   total(s)   iter
------    ---------  ---------- ---------  --------   --------   --------   --------   ----
WARNING: Expected aggregate file size       = 0.
WARNING: Stat() of aggregate file size      = 67108864.
WARNING: Using actual aggregate bytes moved = 0.
read      0.000000   4.00       4.00       1.91       0.036500   0.078281   1.96       0   
WARNING: Expected aggregate file size       = 0.
WARNING: Stat() of aggregate file size      = 67108864.
WARNING: Using actual aggregate bytes moved = 0.
read      0.000000   4.00       4.00       1.65       0.035704   0.039008   1.67       1   
WARNING: Expected aggregate file size       = 0.
WARNING: Stat() of aggregate file size      = 67108864.
WARNING: Using actual aggregate bytes moved = 0.
read      0.000000   4.00       4.00       1.67       0.035733   0.038897   1.69       2   
WARNING: Expected aggregate file size       = 0.
WARNING: Stat() of aggregate file size      = 67108864.
WARNING: Using actual aggregate bytes moved = 0.
read      0.000000   4.00       4.00       2.19       0.035789   0.039564   2.20       3   
WARNING: Expected aggregate file size       = 0.
WARNING: Stat() of aggregate file size      = 67108864.
WARNING: Using actual aggregate bytes moved = 0.
read      0.000000   4.00       4.00       1.70       0.035868   0.039949   1.73       4   
WARNING: Expected aggregate file size       = 0.
WARNING: Stat() of aggregate file size      = 67108864.
WARNING: Using actual aggregate bytes moved = 0.
read      0.000000   4.00       4.00       1.90       0.035900   0.079852   1.95       5   
WARNING: Expected aggregate file size       = 0.
WARNING: Stat() of aggregate file size      = 67108864.
WARNING: Using actual aggregate bytes moved = 0.
read      0.000000   4.00       4.00       1.97       0.036015   0.038229   1.99       6   
WARNING: Expected aggregate file size       = 0.
WARNING: Stat() of aggregate file size      = 67108864.
WARNING: Using actual aggregate bytes moved = 0.
read      0.000000   4.00       4.00       2.00       0.036073   0.038434   2.02       7   
WARNING: Expected aggregate file size       = 0.
WARNING: Stat() of aggregate file size      = 67108864.
WARNING: Using actual aggregate bytes moved = 0.
read      0.000000   4.00       4.00       1.46       0.036145   0.039438   1.48       8   
WARNING: Expected aggregate file size       = 0.
WARNING: Stat() of aggregate file size      = 67108864.
WARNING: Using actual aggregate bytes moved = 0.
read      0.000000   4.00       4.00       1.38       0.036158   0.037657   1.40       9   
WARNING: Expected aggregate file size       = 0.
WARNING: Stat() of aggregate file size      = 67108864.
WARNING: Using actual aggregate bytes moved = 0.
read      0.000000   4.00       4.00       2.18       0.036238   0.038191   2.19       10  
WARNING: Expected aggregate file size       = 0.
WARNING: Stat() of aggregate file size      = 67108864.
WARNING: Using actual aggregate bytes moved = 0.
read      0.000000   4.00       4.00       2.17       0.036285   0.040863   2.19       11  
WARNING: Expected aggregate file size       = 0.
WARNING: Stat() of aggregate file size      = 67108864.
WARNING: Using actual aggregate bytes moved = 0.
read      0.000000   4.00       4.00       1.92       0.036376   0.059855   1.97       12  
WARNING: Expected aggregate file size       = 0.
WARNING: Stat() of aggregate file size      = 67108864.
WARNING: Using actual aggregate bytes moved = 0.
read      0.000000   4.00       4.00       1.64       0.040724   0.039543   1.67       13  
WARNING: Expected aggregate file size       = 0.
WARNING: Stat() of aggregate file size      = 67108864.
WARNING: Using actual aggregate bytes moved = 0.
read      0.000000   4.00       4.00       1.67       0.036501   0.039282   1.69       14  
WARNING: Expected aggregate file size       = 0.
WARNING: Stat() of aggregate file size      = 67108864.
WARNING: Using actual aggregate bytes moved = 0.
read      0.000000   4.00       4.00       2.25       0.036594   0.038385   2.25       15  

Max Read:  0.00 MiB/sec (0.00 MB/sec)

Summary of all tests:
Operation   Max(MiB)   Min(MiB)  Mean(MiB)     StdDev    Mean(s) Test# #Tasks tPN reps fPP reord reordoff reordrand seed segcnt blksiz xsize aggsize API RefNum repPF repPFrw
read            0.00       0.00       0.00       0.00    1.87847 0 30720 64 16 0 0 1 0 0 0 4096 4096 0 POSIX 0 1 0

Finished: Sun May  7 11:55:47 2017
