IOR-3.0.1: MPI Coordinated Test of Parallel I/O

ior WARNING: hints not available in POSIX.  Using value of 0.
Began: Sun May  7 10:43:14 2017
Command line used: /home/glock/bin/ior -H -k -r -o /scratch/glock/tmp.bin -f /home/glock/experiments/ior_metadata/openclose.ior
Machine: Linux nid03072

Test 0 started: Sun May  7 10:43:14 2017
Summary:
	api                = POSIX
	test filename      = /scratch/glock/tmp.bin
	access             = single-shared-file
	ordering in a file = sequential offsets
	ordering inter file= no tasks offsets
	clients            = 2048 (64 per node)
	repetitions        = 16
	repetitionsPerFile = 1
	repetitionsPerFileRW = 0
	xfersize           = 4096 bytes
	blocksize          = 4096 bytes
	aggregate filesize = 0 bytes

access    bw(MiB/s)  block(KiB) xfer(KiB)  open(s)    wr/rd(s)   close(s)   total(s)   iter
------    ---------  ---------- ---------  --------   --------   --------   --------   ----
WARNING: Expected aggregate file size       = 0.
WARNING: Stat() of aggregate file size      = 67108864.
WARNING: Using actual aggregate bytes moved = 0.
read      0.000000   4.00       4.00       0.110054   0.002361   0.005552   0.116673   0   
WARNING: Expected aggregate file size       = 0.
WARNING: Stat() of aggregate file size      = 67108864.
WARNING: Using actual aggregate bytes moved = 0.
read      0.000000   4.00       4.00       0.123049   0.011835   0.007410   0.141406   1   
WARNING: Expected aggregate file size       = 0.
WARNING: Stat() of aggregate file size      = 67108864.
WARNING: Using actual aggregate bytes moved = 0.
read      0.000000   4.00       4.00       0.116454   0.001870   0.002945   0.120885   2   
WARNING: Expected aggregate file size       = 0.
WARNING: Stat() of aggregate file size      = 67108864.
WARNING: Using actual aggregate bytes moved = 0.
read      0.000000   4.00       4.00       0.108553   0.012107   0.002787   0.121734   3   
WARNING: Expected aggregate file size       = 0.
WARNING: Stat() of aggregate file size      = 67108864.
WARNING: Using actual aggregate bytes moved = 0.
read      0.000000   4.00       4.00       0.270717   0.000977   0.048786   0.319169   4   
WARNING: Expected aggregate file size       = 0.
WARNING: Stat() of aggregate file size      = 67108864.
WARNING: Using actual aggregate bytes moved = 0.
read      0.000000   4.00       4.00       0.125665   0.000990   0.002827   0.127720   5   
WARNING: Expected aggregate file size       = 0.
WARNING: Stat() of aggregate file size      = 67108864.
WARNING: Using actual aggregate bytes moved = 0.
read      0.000000   4.00       4.00       0.279726   0.000972   0.002920   0.282763   6   
WARNING: Expected aggregate file size       = 0.
WARNING: Stat() of aggregate file size      = 67108864.
WARNING: Using actual aggregate bytes moved = 0.
read      0.000000   4.00       4.00       0.117661   0.002895   0.003044   0.122673   7   
WARNING: Expected aggregate file size       = 0.
WARNING: Stat() of aggregate file size      = 67108864.
WARNING: Using actual aggregate bytes moved = 0.
read      0.000000   4.00       4.00       0.238532   0.006967   0.016536   0.261607   8   
WARNING: Expected aggregate file size       = 0.
WARNING: Stat() of aggregate file size      = 67108864.
WARNING: Using actual aggregate bytes moved = 0.
read      0.000000   4.00       4.00       0.103355   0.004202   0.002924   0.109566   9   
WARNING: Expected aggregate file size       = 0.
WARNING: Stat() of aggregate file size      = 67108864.
WARNING: Using actual aggregate bytes moved = 0.
read      0.000000   4.00       4.00       0.106459   0.002874   0.002727   0.110693   10  
WARNING: Expected aggregate file size       = 0.
WARNING: Stat() of aggregate file size      = 67108864.
WARNING: Using actual aggregate bytes moved = 0.
read      0.000000   4.00       4.00       0.108880   0.000989   0.006823   0.115760   11  
WARNING: Expected aggregate file size       = 0.
WARNING: Stat() of aggregate file size      = 67108864.
WARNING: Using actual aggregate bytes moved = 0.
read      0.000000   4.00       4.00       0.167645   0.001033   0.003111   0.170943   12  
WARNING: Expected aggregate file size       = 0.
WARNING: Stat() of aggregate file size      = 67108864.
WARNING: Using actual aggregate bytes moved = 0.
read      0.000000   4.00       4.00       0.098913   0.001715   0.002723   0.102400   13  
WARNING: Expected aggregate file size       = 0.
WARNING: Stat() of aggregate file size      = 67108864.
WARNING: Using actual aggregate bytes moved = 0.
read      0.000000   4.00       4.00       0.124808   0.004635   0.002823   0.130877   14  
WARNING: Expected aggregate file size       = 0.
WARNING: Stat() of aggregate file size      = 67108864.
WARNING: Using actual aggregate bytes moved = 0.
read      0.000000   4.00       4.00       0.108961   0.001035   0.003060   0.111229   15  

Max Read:  0.00 MiB/sec (0.00 MB/sec)

Summary of all tests:
Operation   Max(MiB)   Min(MiB)  Mean(MiB)     StdDev    Mean(s) Test# #Tasks tPN reps fPP reord reordoff reordrand seed segcnt blksiz xsize aggsize API RefNum repPF repPFrw
read            0.00       0.00       0.00       0.00    0.15413 0 2048 64 16 0 0 1 0 0 0 4096 4096 0 POSIX 0 1 0

Finished: Sun May  7 10:43:17 2017
