IOR-3.0.1: MPI Coordinated Test of Parallel I/O

ior WARNING: fsync() only available in POSIX.  Using value of 0.
Began: Sat May  6 22:44:16 2017
Command line used: /global/homes/g/glock/src/git/ior/src/ior -t 2097152 -b 2097152 -s 26 -e -w -o /global/gscratch1/sd/glock/1stripe/testFile -F -O memoryPerNode=90%
Machine: Linux nid00384

Test 0 started: Sat May  6 22:44:16 2017
Summary:
	api                = MPIIO (version=3, subversion=1)
	test filename      = /global/gscratch1/sd/glock/1stripe/testFile
	access             = file-per-process
	ordering in a file = sequential offsets
	ordering inter file= no tasks offsets
	clients            = 256 (32 per node)
	memoryPerNode      = 113.44 GiB
	repetitions        = 3
	repetitionsPerFile = 1
	repetitionsPerFileRW = 0
	xfersize           = 2 MiB
	blocksize          = 2 MiB
	aggregate filesize = 13 GiB

access    bw(MiB/s)  block(KiB) xfer(KiB)  open(s)    wr/rd(s)   close(s)   total(s)   iter
------    ---------  ---------- ---------  --------   --------   --------   --------   ----
write     3259.99    2048.00    2048.00    0.062540   4.07       3.09       4.08       0   
remove    -          -          -          -          -          -          0.009925   0   
write     3266.14    2048.00    2048.00    0.033335   4.06       3.01       4.08       1   
remove    -          -          -          -          -          -          0.024763   1   
write     3499.95    2048.00    2048.00    0.033728   3.79       3.29       3.80       2   
remove    -          -          -          -          -          -          0.035951   2   

Max Write: 3499.95 MiB/sec (3669.96 MB/sec)

Summary of all tests:
Operation   Max(MiB)   Min(MiB)  Mean(MiB)     StdDev    Mean(s) Test# #Tasks tPN reps fPP reord reordoff reordrand seed segcnt blksiz xsize aggsize API RefNum repPF repPFrw
write        3499.95    3259.99    3342.03     111.69    3.98756 0 256 32 3 1 0 1 0 0 26 2097152 2097152 13958643712 MPIIO 0 1 0

Finished: Sat May  6 22:44:32 2017
