IOR-3.0.1: MPI Coordinated Test of Parallel I/O

ior WARNING: fsync() only available in POSIX.  Using value of 0.
Began: Sat May  6 22:46:35 2017
Command line used: /global/homes/g/glock/src/git/ior/src/ior -t 16384 -b 16384 -s 3328 -e -w -o /global/gscratch1/sd/glock/1stripe/testFile -F -O memoryPerNode=90%
Machine: Linux nid00384

Test 0 started: Sat May  6 22:46:35 2017
Summary:
	api                = MPIIO (version=3, subversion=1)
	test filename      = /global/gscratch1/sd/glock/1stripe/testFile
	access             = file-per-process
	ordering in a file = sequential offsets
	ordering inter file= no tasks offsets
	clients            = 256 (32 per node)
	memoryPerNode      = 113.44 GiB
	repetitions        = 3
	repetitionsPerFile = 1
	repetitionsPerFileRW = 0
	xfersize           = 16384 bytes
	blocksize          = 16384 bytes
	aggregate filesize = 13 GiB

access    bw(MiB/s)  block(KiB) xfer(KiB)  open(s)    wr/rd(s)   close(s)   total(s)   iter
------    ---------  ---------- ---------  --------   --------   --------   --------   ----
write     3532.63    16.00      16.00      0.052344   3.75       2.86       3.77       0   
remove    -          -          -          -          -          -          0.009293   0   
write     3696       16.00      16.00      0.031833   3.59       2.43       3.60       1   
remove    -          -          -          -          -          -          0.029851   1   
write     3299.20    16.00      16.00      0.032893   4.02       3.81       4.03       2   
remove    -          -          -          -          -          -          0.042615   2   

Max Write: 3696.28 MiB/sec (3875.83 MB/sec)

Summary of all tests:
Operation   Max(MiB)   Min(MiB)  Mean(MiB)     StdDev    Mean(s) Test# #Tasks tPN reps fPP reord reordoff reordrand seed segcnt blksiz xsize aggsize API RefNum repPF repPFrw
write        3696.28    3299.20    3509.37     162.94    3.80156 0 256 32 3 1 0 1 0 0 3328 16384 16384 13958643712 MPIIO 0 1 0

Finished: Sat May  6 22:46:50 2017
