IOR-3.0.1: MPI Coordinated Test of Parallel I/O

ior WARNING: fsync() only available in POSIX.  Using value of 0.
Began: Sat May  6 22:43:12 2017
Command line used: /global/homes/g/glock/src/git/ior/src/ior -t 8192 -b 8192 -s 6656 -e -w -o /var/opt/cray/dws/mounts/batch/25969_striped_scratch//testFile -F -O memoryPerNode=90%
Machine: Linux nid00384

Test 0 started: Sat May  6 22:43:12 2017
Summary:
	api                = MPIIO (version=3, subversion=1)
	test filename      = /var/opt/cray/dws/mounts/batch/25969_striped_scratch//testFile
	access             = file-per-process
	ordering in a file = sequential offsets
	ordering inter file= no tasks offsets
	clients            = 256 (32 per node)
	memoryPerNode      = 113.44 GiB
	repetitions        = 3
	repetitionsPerFile = 1
	repetitionsPerFileRW = 0
	xfersize           = 8192 bytes
	blocksize          = 8192 bytes
	aggregate filesize = 13 GiB

access    bw(MiB/s)  block(KiB) xfer(KiB)  open(s)    wr/rd(s)   close(s)   total(s)   iter
------    ---------  ---------- ---------  --------   --------   --------   --------   ----
write     1895.46    8.00       8.00       0.053275   7.02       0.796872   7.02       0   
remove    -          -          -          -          -          -          0.181189   0   
write     1859.91    8.00       8.00       0.042339   7.14       1.03       7.16       1   
remove    -          -          -          -          -          -          0.157592   1   
write     1872.17    8.00       8.00       0.050687   7.09       1.15       7.11       2   
remove    -          -          -          -          -          -          0.128260   2   

Max Write: 1895.46 MiB/sec (1987.53 MB/sec)

Summary of all tests:
Operation   Max(MiB)   Min(MiB)  Mean(MiB)     StdDev    Mean(s) Test# #Tasks tPN reps fPP reord reordoff reordrand seed segcnt blksiz xsize aggsize API RefNum repPF repPFrw
write        1895.46    1859.91    1875.85      14.74    7.09697 0 256 32 3 1 0 1 0 0 6656 8192 8192 13958643712 MPIIO 0 1 0

Finished: Sat May  6 22:43:37 2017
