IOR-3.0.1: MPI Coordinated Test of Parallel I/O

ior WARNING: fsync() only available in POSIX.  Using value of 0.
Began: Sat May  6 22:42:17 2017
Command line used: /global/homes/g/glock/src/git/ior/src/ior -t 131072 -b 131072 -s 416 -e -w -o /var/opt/cray/dws/mounts/batch/25969_striped_scratch//testFile -F -O memoryPerNode=90%
Machine: Linux nid00384

Test 0 started: Sat May  6 22:42:17 2017
Summary:
	api                = MPIIO (version=3, subversion=1)
	test filename      = /var/opt/cray/dws/mounts/batch/25969_striped_scratch//testFile
	access             = file-per-process
	ordering in a file = sequential offsets
	ordering inter file= no tasks offsets
	clients            = 256 (32 per node)
	memoryPerNode      = 113.44 GiB
	repetitions        = 3
	repetitionsPerFile = 1
	repetitionsPerFileRW = 0
	xfersize           = 131072 bytes
	blocksize          = 131072 bytes
	aggregate filesize = 13 GiB

access    bw(MiB/s)  block(KiB) xfer(KiB)  open(s)    wr/rd(s)   close(s)   total(s)   iter
------    ---------  ---------- ---------  --------   --------   --------   --------   ----
write     11004      128.00     128.00     0.037956   1.21       0.127392   1.21       0   
remove    -          -          -          -          -          -          0.142002   0   
write     10963      128.00     128.00     0.042866   1.19       0.125004   1.21       1   
remove    -          -          -          -          -          -          0.138199   1   
write     10676      128.00     128.00     0.042773   1.23       0.166873   1.25       2   
remove    -          -          -          -          -          -          0.126550   2   

Max Write: 11003.86 MiB/sec (11538.39 MB/sec)

Summary of all tests:
Operation   Max(MiB)   Min(MiB)  Mean(MiB)     StdDev    Mean(s) Test# #Tasks tPN reps fPP reord reordoff reordrand seed segcnt blksiz xsize aggsize API RefNum repPF repPFrw
write       11003.86   10675.52   10880.71     146.06    1.22367 0 256 32 3 1 0 1 0 0 416 131072 131072 13958643712 MPIIO 0 1 0

Finished: Sat May  6 22:42:24 2017
