IOR-3.0.1: MPI Coordinated Test of Parallel I/O

ior WARNING: fsync() only available in POSIX.  Using value of 0.
Began: Sat May  6 22:46:54 2017
Command line used: /global/homes/g/glock/src/git/ior/src/ior -t 8192 -b 8192 -s 6656 -e -w -o /global/gscratch1/sd/glock/1stripe/testFile -F -O memoryPerNode=90%
Machine: Linux nid00384

Test 0 started: Sat May  6 22:46:54 2017
Summary:
	api                = MPIIO (version=3, subversion=1)
	test filename      = /global/gscratch1/sd/glock/1stripe/testFile
	access             = file-per-process
	ordering in a file = sequential offsets
	ordering inter file= no tasks offsets
	clients            = 256 (32 per node)
	memoryPerNode      = 113.44 GiB
	repetitions        = 3
	repetitionsPerFile = 1
	repetitionsPerFileRW = 0
	xfersize           = 8192 bytes
	blocksize          = 8192 bytes
	aggregate filesize = 13 GiB

access    bw(MiB/s)  block(KiB) xfer(KiB)  open(s)    wr/rd(s)   close(s)   total(s)   iter
------    ---------  ---------- ---------  --------   --------   --------   --------   ----
write     3586.21    8.00       8.00       0.048684   3.70       2.51       3.71       0   
remove    -          -          -          -          -          -          0.008187   0   
write     3237.42    8.00       8.00       0.032645   4.10       3.23       4.11       1   
remove    -          -          -          -          -          -          0.035403   1   
write     3238.00    8.00       8.00       0.031412   4.10       3.26       4.11       2   
remove    -          -          -          -          -          -          0.038432   2   

Max Write: 3586.21 MiB/sec (3760.41 MB/sec)

Summary of all tests:
Operation   Max(MiB)   Min(MiB)  Mean(MiB)     StdDev    Mean(s) Test# #Tasks tPN reps fPP reord reordoff reordrand seed segcnt blksiz xsize aggsize API RefNum repPF repPFrw
write        3586.21    3237.42    3353.88     164.28    3.97836 0 256 32 3 1 0 1 0 0 6656 8192 8192 13958643712 MPIIO 0 1 0

Finished: Sat May  6 22:47:10 2017
