IOR-3.0.1: MPI Coordinated Test of Parallel I/O

ior WARNING: fsync() only available in POSIX.  Using value of 0.
Began: Sat May  6 22:41:14 2017
Command line used: /global/homes/g/glock/src/git/ior/src/ior -t 8388608 -b 8388608 -s 6 -e -w -o /var/opt/cray/dws/mounts/batch/25969_striped_scratch//testFile -F -O memoryPerNode=90%
Machine: Linux nid00384

Test 0 started: Sat May  6 22:41:14 2017
Summary:
	api                = MPIIO (version=3, subversion=1)
	test filename      = /var/opt/cray/dws/mounts/batch/25969_striped_scratch//testFile
	access             = file-per-process
	ordering in a file = sequential offsets
	ordering inter file= no tasks offsets
	clients            = 256 (32 per node)
	memoryPerNode      = 113.44 GiB
	repetitions        = 3
	repetitionsPerFile = 1
	repetitionsPerFileRW = 0
	xfersize           = 8 MiB
	blocksize          = 8 MiB
	aggregate filesize = 12 GiB

access    bw(MiB/s)  block(KiB) xfer(KiB)  open(s)    wr/rd(s)   close(s)   total(s)   iter
------    ---------  ---------- ---------  --------   --------   --------   --------   ----
write     11837      8192       8192       0.105516   1.04       0.469465   1.04       0   
remove    -          -          -          -          -          -          0.115628   0   
write     11424      8192       8192       0.116106   1.06       0.382274   1.08       1   
remove    -          -          -          -          -          -          0.094739   1   
write     11270      8192       8192       0.122323   1.05       0.458390   1.09       2   
remove    -          -          -          -          -          -          0.143821   2   

Max Write: 11837.32 MiB/sec (12412.33 MB/sec)

Summary of all tests:
Operation   Max(MiB)   Min(MiB)  Mean(MiB)     StdDev    Mean(s) Test# #Tasks tPN reps fPP reord reordoff reordrand seed segcnt blksiz xsize aggsize API RefNum repPF repPFrw
write       11837.32   11269.75   11510.43     239.59    1.06801 0 256 32 3 1 0 1 0 0 6 8388608 8388608 12884901888 MPIIO 0 1 0

Finished: Sat May  6 22:41:21 2017
