IOR-3.0.1: MPI Coordinated Test of Parallel I/O

ior WARNING: fsync() only available in POSIX.  Using value of 0.
Began: Sat May  6 22:41:23 2017
Command line used: /global/homes/g/glock/src/git/ior/src/ior -t 4194304 -b 4194304 -s 13 -e -w -o /var/opt/cray/dws/mounts/batch/25969_striped_scratch//testFile -F -O memoryPerNode=90%
Machine: Linux nid00384

Test 0 started: Sat May  6 22:41:23 2017
Summary:
	api                = MPIIO (version=3, subversion=1)
	test filename      = /var/opt/cray/dws/mounts/batch/25969_striped_scratch//testFile
	access             = file-per-process
	ordering in a file = sequential offsets
	ordering inter file= no tasks offsets
	clients            = 256 (32 per node)
	memoryPerNode      = 113.44 GiB
	repetitions        = 3
	repetitionsPerFile = 1
	repetitionsPerFileRW = 0
	xfersize           = 4 MiB
	blocksize          = 4 MiB
	aggregate filesize = 13 GiB

access    bw(MiB/s)  block(KiB) xfer(KiB)  open(s)    wr/rd(s)   close(s)   total(s)   iter
------    ---------  ---------- ---------  --------   --------   --------   --------   ----
write     11768      4096       4096       0.053686   1.13       0.340075   1.13       0   
remove    -          -          -          -          -          -          0.110869   0   
write     11633      4096       4096       0.080285   1.13       0.300856   1.14       1   
remove    -          -          -          -          -          -          0.140939   1   
write     11539      4096       4096       0.072355   1.13       0.239504   1.15       2   
remove    -          -          -          -          -          -          0.160062   2   

Max Write: 11768.16 MiB/sec (12339.81 MB/sec)

Summary of all tests:
Operation   Max(MiB)   Min(MiB)  Mean(MiB)     StdDev    Mean(s) Test# #Tasks tPN reps fPP reord reordoff reordrand seed segcnt blksiz xsize aggsize API RefNum repPF repPFrw
write       11768.16   11539.25   11646.67      93.98    1.14306 0 256 32 3 1 0 1 0 0 13 4194304 4194304 13958643712 MPIIO 0 1 0

Finished: Sat May  6 22:41:30 2017
