IOR-3.0.1: MPI Coordinated Test of Parallel I/O

ior WARNING: fsync() only available in POSIX.  Using value of 0.
Began: Sat May  6 22:42:28 2017
Command line used: /global/homes/g/glock/src/git/ior/src/ior -t 65536 -b 65536 -s 832 -e -w -o /var/opt/cray/dws/mounts/batch/25969_striped_scratch//testFile -F -O memoryPerNode=90%
Machine: Linux nid00384

Test 0 started: Sat May  6 22:42:28 2017
Summary:
	api                = MPIIO (version=3, subversion=1)
	test filename      = /var/opt/cray/dws/mounts/batch/25969_striped_scratch//testFile
	access             = file-per-process
	ordering in a file = sequential offsets
	ordering inter file= no tasks offsets
	clients            = 256 (32 per node)
	memoryPerNode      = 113.44 GiB
	repetitions        = 3
	repetitionsPerFile = 1
	repetitionsPerFileRW = 0
	xfersize           = 65536 bytes
	blocksize          = 65536 bytes
	aggregate filesize = 13 GiB

access    bw(MiB/s)  block(KiB) xfer(KiB)  open(s)    wr/rd(s)   close(s)   total(s)   iter
------    ---------  ---------- ---------  --------   --------   --------   --------   ----
write     7421       64.00      64.00      0.035501   1.79       0.283940   1.79       0   
remove    -          -          -          -          -          -          0.163143   0   
write     7914       64.00      64.00      0.039285   1.67       0.232805   1.68       1   
remove    -          -          -          -          -          -          0.089555   1   
write     7750       64.00      64.00      0.103061   1.70       0.150534   1.72       2   
remove    -          -          -          -          -          -          0.118800   2   

Max Write: 7914.12 MiB/sec (8298.56 MB/sec)

Summary of all tests:
Operation   Max(MiB)   Min(MiB)  Mean(MiB)     StdDev    Mean(s) Test# #Tasks tPN reps fPP reord reordoff reordrand seed segcnt blksiz xsize aggsize API RefNum repPF repPFrw
write        7914.12    7421.44    7695.30     204.87    1.73113 0 256 32 3 1 0 1 0 0 832 65536 65536 13958643712 MPIIO 0 1 0

Finished: Sat May  6 22:42:37 2017
