IOR-3.0.1: MPI Coordinated Test of Parallel I/O

ior WARNING: fsync() only available in POSIX.  Using value of 0.
Began: Sat May  6 22:44:54 2017
Command line used: /global/homes/g/glock/src/git/ior/src/ior -t 524288 -b 524288 -s 104 -e -w -o /global/gscratch1/sd/glock/1stripe/testFile -F -O memoryPerNode=90%
Machine: Linux nid00384

Test 0 started: Sat May  6 22:44:54 2017
Summary:
	api                = MPIIO (version=3, subversion=1)
	test filename      = /global/gscratch1/sd/glock/1stripe/testFile
	access             = file-per-process
	ordering in a file = sequential offsets
	ordering inter file= no tasks offsets
	clients            = 256 (32 per node)
	memoryPerNode      = 113.44 GiB
	repetitions        = 3
	repetitionsPerFile = 1
	repetitionsPerFileRW = 0
	xfersize           = 524288 bytes
	blocksize          = 524288 bytes
	aggregate filesize = 13 GiB

access    bw(MiB/s)  block(KiB) xfer(KiB)  open(s)    wr/rd(s)   close(s)   total(s)   iter
------    ---------  ---------- ---------  --------   --------   --------   --------   ----
write     3565.23    512.00     512.00     0.103186   3.69       2.81       3.73       0   
remove    -          -          -          -          -          -          0.008626   0   
write     3236.56    512.00     512.00     0.033446   4.10       3.60       4.11       1   
remove    -          -          -          -          -          -          0.008842   1   
write     3203.15    512.00     512.00     0.312392   4.15       2.88       4.16       2   
remove    -          -          -          -          -          -          0.028133   2   

Max Write: 3565.23 MiB/sec (3738.41 MB/sec)

Summary of all tests:
Operation   Max(MiB)   Min(MiB)  Mean(MiB)     StdDev    Mean(s) Test# #Tasks tPN reps fPP reord reordoff reordrand seed segcnt blksiz xsize aggsize API RefNum repPF repPFrw
write        3565.23    3203.15    3334.98     163.38    4.00092 0 256 32 3 1 0 1 0 0 104 524288 524288 13958643712 MPIIO 0 1 0

Finished: Sat May  6 22:45:09 2017
