IOR-3.0.1: MPI Coordinated Test of Parallel I/O

ior WARNING: fsync() only available in POSIX.  Using value of 0.
Began: Sat May  6 22:43:58 2017
Command line used: /global/homes/g/glock/src/git/ior/src/ior -t 4194304 -b 4194304 -s 13 -e -w -o /global/gscratch1/sd/glock/1stripe/testFile -F -O memoryPerNode=90%
Machine: Linux nid00384

Test 0 started: Sat May  6 22:43:58 2017
Summary:
	api                = MPIIO (version=3, subversion=1)
	test filename      = /global/gscratch1/sd/glock/1stripe/testFile
	access             = file-per-process
	ordering in a file = sequential offsets
	ordering inter file= no tasks offsets
	clients            = 256 (32 per node)
	memoryPerNode      = 113.44 GiB
	repetitions        = 3
	repetitionsPerFile = 1
	repetitionsPerFileRW = 0
	xfersize           = 4 MiB
	blocksize          = 4 MiB
	aggregate filesize = 13 GiB

access    bw(MiB/s)  block(KiB) xfer(KiB)  open(s)    wr/rd(s)   close(s)   total(s)   iter
------    ---------  ---------- ---------  --------   --------   --------   --------   ----
write     3101.61    4096       4096       0.034685   4.28       4.07       4.29       0   
remove    -          -          -          -          -          -          0.009835   0   
write     3275.47    4096       4096       0.033747   4.05       3.11       4.06       1   
remove    -          -          -          -          -          -          0.051041   1   
write     3230.96    4096       4096       0.076332   4.11       3.40       4.12       2   
remove    -          -          -          -          -          -          0.011592   2   

Max Write: 3275.47 MiB/sec (3434.57 MB/sec)

Summary of all tests:
Operation   Max(MiB)   Min(MiB)  Mean(MiB)     StdDev    Mean(s) Test# #Tasks tPN reps fPP reord reordoff reordrand seed segcnt blksiz xsize aggsize API RefNum repPF repPFrw
write        3275.47    3101.61    3202.68      73.74    4.15875 0 256 32 3 1 0 1 0 0 13 4194304 4194304 13958643712 MPIIO 0 1 0

Finished: Sat May  6 22:44:15 2017
