IOR-3.0.1: MPI Coordinated Test of Parallel I/O

ior WARNING: fsync() only available in POSIX.  Using value of 0.
Began: Sat May  6 22:50:19 2017
Command line used: /global/homes/g/glock/src/git/ior/src/ior -t 131072 -b 131072 -s 416 -e -w -o /global/gscratch1/sd/glock/4stripe/testFile -O memoryPerNode=90%
Machine: Linux nid00384

Test 0 started: Sat May  6 22:50:19 2017
Summary:
	api                = MPIIO (version=3, subversion=1)
	test filename      = /global/gscratch1/sd/glock/4stripe/testFile
	access             = single-shared-file
	ordering in a file = sequential offsets
	ordering inter file= no tasks offsets
	clients            = 256 (32 per node)
	memoryPerNode      = 113.44 GiB
	repetitions        = 3
	repetitionsPerFile = 1
	repetitionsPerFileRW = 0
	xfersize           = 131072 bytes
	blocksize          = 131072 bytes
	aggregate filesize = 13 GiB

access    bw(MiB/s)  block(KiB) xfer(KiB)  open(s)    wr/rd(s)   close(s)   total(s)   iter
------    ---------  ---------- ---------  --------   --------   --------   --------   ----
write     606.75     128.00     128.00     0.016549   21.92      21.49      21.94      0   
remove    -          -          -          -          -          -          0.000794   0   
write     551.57     128.00     128.00     0.012778   24.12      23.72      24.13      1   
remove    -          -          -          -          -          -          0.000710   1   
write     643.67     128.00     128.00     0.014656   20.67      20.11      20.68      2   
remove    -          -          -          -          -          -          0.000690   2   

Max Write: 643.67 MiB/sec (674.93 MB/sec)

Summary of all tests:
Operation   Max(MiB)   Min(MiB)  Mean(MiB)     StdDev    Mean(s) Test# #Tasks tPN reps fPP reord reordoff reordrand seed segcnt blksiz xsize aggsize API RefNum repPF repPFrw
write         643.67     551.57     600.66      37.84   22.25197 0 256 32 3 0 0 1 0 0 416 131072 131072 13958643712 MPIIO 0 1 0

Finished: Sat May  6 22:51:30 2017
