IOR-3.0.1: MPI Coordinated Test of Parallel I/O

ior WARNING: fsync() only available in POSIX.  Using value of 0.
Began: Sat May  6 22:45:34 2017
Command line used: /global/homes/g/glock/src/git/ior/src/ior -t 131072 -b 131072 -s 416 -e -w -o /global/gscratch1/sd/glock/1stripe/testFile -F -O memoryPerNode=90%
Machine: Linux nid00384

Test 0 started: Sat May  6 22:45:34 2017
Summary:
	api                = MPIIO (version=3, subversion=1)
	test filename      = /global/gscratch1/sd/glock/1stripe/testFile
	access             = file-per-process
	ordering in a file = sequential offsets
	ordering inter file= no tasks offsets
	clients            = 256 (32 per node)
	memoryPerNode      = 113.44 GiB
	repetitions        = 3
	repetitionsPerFile = 1
	repetitionsPerFileRW = 0
	xfersize           = 131072 bytes
	blocksize          = 131072 bytes
	aggregate filesize = 13 GiB

access    bw(MiB/s)  block(KiB) xfer(KiB)  open(s)    wr/rd(s)   close(s)   total(s)   iter
------    ---------  ---------- ---------  --------   --------   --------   --------   ----
write     3313.38    128.00     128.00     0.047288   4.00       2.88       4.02       0   
remove    -          -          -          -          -          -          0.008953   0   
write     3530.08    128.00     128.00     0.031997   3.76       2.56       3.77       1   
remove    -          -          -          -          -          -          0.009031   1   
write     3233.56    128.00     128.00     0.032666   4.11       3.32       4.12       2   
remove    -          -          -          -          -          -          0.055855   2   

Max Write: 3530.08 MiB/sec (3701.56 MB/sec)

Summary of all tests:
Operation   Max(MiB)   Min(MiB)  Mean(MiB)     StdDev    Mean(s) Test# #Tasks tPN reps fPP reord reordoff reordrand seed segcnt blksiz xsize aggsize API RefNum repPF repPFrw
write        3530.08    3233.56    3359.01     125.28    3.96850 0 256 32 3 1 0 1 0 0 416 131072 131072 13958643712 MPIIO 0 1 0

Finished: Sat May  6 22:45:49 2017
