IOR-3.0.1: MPI Coordinated Test of Parallel I/O

ior WARNING: fsync() only available in POSIX.  Using value of 0.
Began: Sat May  6 22:41:43 2017
Command line used: /global/homes/g/glock/src/git/ior/src/ior -t 1048576 -b 1048576 -s 52 -e -w -o /var/opt/cray/dws/mounts/batch/25969_striped_scratch//testFile -F -O memoryPerNode=90%
Machine: Linux nid00384

Test 0 started: Sat May  6 22:41:43 2017
Summary:
	api                = MPIIO (version=3, subversion=1)
	test filename      = /var/opt/cray/dws/mounts/batch/25969_striped_scratch//testFile
	access             = file-per-process
	ordering in a file = sequential offsets
	ordering inter file= no tasks offsets
	clients            = 256 (32 per node)
	memoryPerNode      = 113.44 GiB
	repetitions        = 3
	repetitionsPerFile = 1
	repetitionsPerFileRW = 0
	xfersize           = 1 MiB
	blocksize          = 1 MiB
	aggregate filesize = 13 GiB

access    bw(MiB/s)  block(KiB) xfer(KiB)  open(s)    wr/rd(s)   close(s)   total(s)   iter
------    ---------  ---------- ---------  --------   --------   --------   --------   ----
write     11986      1024.00    1024.00    0.049141   1.11       0.295683   1.11       0   
remove    -          -          -          -          -          -          0.102206   0   
write     12176      1024.00    1024.00    0.127018   1.06       0.337416   1.09       1   
remove    -          -          -          -          -          -          0.141494   1   
write     12548      1024.00    1024.00    0.054421   1.05       0.158045   1.06       2   
remove    -          -          -          -          -          -          0.144638   2   

Max Write: 12548.21 MiB/sec (13157.76 MB/sec)

Summary of all tests:
Operation   Max(MiB)   Min(MiB)  Mean(MiB)     StdDev    Mean(s) Test# #Tasks tPN reps fPP reord reordoff reordrand seed segcnt blksiz xsize aggsize API RefNum repPF repPFrw
write       12548.21   11985.83   12236.66     233.58    1.08827 0 256 32 3 1 0 1 0 0 52 1048576 1048576 13958643712 MPIIO 0 1 0

Finished: Sat May  6 22:41:51 2017
